<?xml version="1.0" encoding="UTF-8"?>
<testsuite name="com.seekho.animepilot.core.domain.usecase.GetAnimeDetailUseCaseTest" tests="6" skipped="0" failures="3" errors="0" timestamp="2026-01-22T02:49:03.762Z" hostname="WSA-HN967W0XXF.local" time="0.093">
  <properties/>
  <testcase name="invoke with valid ID delegates to repository" classname="com.seekho.animepilot.core.domain.usecase.GetAnimeDetailUseCaseTest" time="0.055">
    <failure message="app.cash.turbine.TurbineAssertionError: Unconsumed events found:&#10; - Complete" type="app.cash.turbine.TurbineAssertionError">app.cash.turbine.TurbineAssertionError: Unconsumed events found:
 - Complete
	at app//app.cash.turbine.TurbineAssertionError$Companion.invoke(TurbineAssertionError.kt:32)
	at app//app.cash.turbine.ChannelTurbine.ensureAllEventsConsumed(Turbine.kt:235)
	at app//app.cash.turbine.FlowKt$test$2.invokeSuspend(flow.kt:152)
	at app//app.cash.turbine.FlowKt$test$2.invoke(flow.kt)
	at app//app.cash.turbine.FlowKt$test$2.invoke(flow.kt)
	at app//app.cash.turbine.FlowKt$turbineScope$2$1.invokeSuspend(flow.kt:91)
	at app//app.cash.turbine.FlowKt$turbineScope$2$1.invoke(flow.kt)
	at app//app.cash.turbine.FlowKt$turbineScope$2$1.invoke(flow.kt)
	at app//kotlinx.coroutines.intrinsics.UndispatchedKt.startUndspatched(Undispatched.kt:66)
	at app//kotlinx.coroutines.intrinsics.UndispatchedKt.startUndispatchedOrReturn(Undispatched.kt:43)
	at app//kotlinx.coroutines.CoroutineScopeKt.coroutineScope(CoroutineScope.kt:286)
	at app//app.cash.turbine.FlowKt$turbineScope$2$scopeFn$1.invokeSuspend(flow.kt:83)
	at app//app.cash.turbine.FlowKt$turbineScope$2$scopeFn$1.invoke(flow.kt)
	at app//app.cash.turbine.FlowKt$turbineScope$2$scopeFn$1.invoke(flow.kt)
	at app//app.cash.turbine.FlowKt$turbineScope$2.invokeSuspend(flow.kt:88)
	at app//app.cash.turbine.FlowKt$turbineScope$2.invoke(flow.kt)
	at app//app.cash.turbine.FlowKt$turbineScope$2.invoke(flow.kt)
	at app//app.cash.turbine.CoroutinesKt$reportTurbines$2.invokeSuspend(coroutines.kt:89)
	at app//app.cash.turbine.CoroutinesKt$reportTurbines$2.invoke(coroutines.kt)
	at app//app.cash.turbine.CoroutinesKt$reportTurbines$2.invoke(coroutines.kt)
	at app//kotlinx.coroutines.intrinsics.UndispatchedKt.startUndspatched(Undispatched.kt:66)
	at app//kotlinx.coroutines.intrinsics.UndispatchedKt.startUndispatchedOrReturn(Undispatched.kt:43)
	at app//kotlinx.coroutines.BuildersKt__Builders_commonKt.withContext(Builders.common.kt:165)
	at app//kotlinx.coroutines.BuildersKt.withContext(Unknown Source)
	at app//app.cash.turbine.CoroutinesKt.reportTurbines(coroutines.kt:88)
	at app//app.cash.turbine.FlowKt.turbineScope-k1IrOU0(flow.kt:80)
	at app//app.cash.turbine.FlowKt.turbineScope-k1IrOU0$default(flow.kt:75)
	at app//app.cash.turbine.FlowKt.test-C2H2yOE(flow.kt:141)
	at app//app.cash.turbine.FlowKt.test-C2H2yOE$default(flow.kt:136)
	at app//com.seekho.animepilot.core.domain.usecase.GetAnimeDetailUseCaseTest$invoke with valid ID delegates to repository$1.invokeSuspend(GetAnimeDetailUseCaseTest.kt:55)
	at app//com.seekho.animepilot.core.domain.usecase.GetAnimeDetailUseCaseTest$invoke with valid ID delegates to repository$1.invoke(GetAnimeDetailUseCaseTest.kt)
	at app//com.seekho.animepilot.core.domain.usecase.GetAnimeDetailUseCaseTest$invoke with valid ID delegates to repository$1.invoke(GetAnimeDetailUseCaseTest.kt)
	at app//kotlinx.coroutines.test.TestBuildersKt__TestBuildersKt$runTest$2$1$1.invokeSuspend(TestBuilders.kt:317)
	at app//kotlin.coroutines.jvm.internal.BaseContinuationImpl.resumeWith(ContinuationImpl.kt:34)
	at app//kotlinx.coroutines.DispatchedTask.run(DispatchedTask.kt:100)
	at app//kotlinx.coroutines.test.TestDispatcher.processEvent$kotlinx_coroutines_test(TestDispatcher.kt:24)
	at app//kotlinx.coroutines.test.TestCoroutineScheduler.tryRunNextTaskUnless$kotlinx_coroutines_test(TestCoroutineScheduler.kt:99)
	at app//kotlinx.coroutines.test.TestBuildersKt__TestBuildersKt$runTest$2$1$workRunner$1.invokeSuspend(TestBuilders.kt:326)
	at app//kotlin.coroutines.jvm.internal.BaseContinuationImpl.resumeWith(ContinuationImpl.kt:34)
	at app//kotlinx.coroutines.DispatchedTask.run(DispatchedTask.kt:100)
	at app//kotlinx.coroutines.EventLoopImplBase.processNextEvent(EventLoop.common.kt:263)
	at app//kotlinx.coroutines.BlockingCoroutine.joinBlocking(Builders.kt:94)
	at app//kotlinx.coroutines.BuildersKt__BuildersKt.runBlocking(Builders.kt:70)
	at app//kotlinx.coroutines.BuildersKt.runBlocking(Unknown Source)
	at app//kotlinx.coroutines.BuildersKt__BuildersKt.runBlocking$default(Builders.kt:48)
	at app//kotlinx.coroutines.BuildersKt.runBlocking$default(Unknown Source)
	at app//kotlinx.coroutines.test.TestBuildersJvmKt.createTestResult(TestBuildersJvm.kt:10)
	at app//kotlinx.coroutines.test.TestBuildersKt__TestBuildersKt.runTest-8Mi8wO0(TestBuilders.kt:309)
	at app//kotlinx.coroutines.test.TestBuildersKt.runTest-8Mi8wO0(Unknown Source)
	at app//kotlinx.coroutines.test.TestBuildersKt__TestBuildersKt.runTest-8Mi8wO0(TestBuilders.kt:167)
	at app//kotlinx.coroutines.test.TestBuildersKt.runTest-8Mi8wO0(Unknown Source)
	at app//kotlinx.coroutines.test.TestBuildersKt__TestBuildersKt.runTest-8Mi8wO0$default(TestBuilders.kt:159)
	at app//kotlinx.coroutines.test.TestBuildersKt.runTest-8Mi8wO0$default(Unknown Source)
	at app//com.seekho.animepilot.core.domain.usecase.GetAnimeDetailUseCaseTest.invoke with valid ID delegates to repository(GetAnimeDetailUseCaseTest.kt:43)
	at java.base@17.0.12/jdk.internal.reflect.NativeMethodAccessorImpl.invoke0(Native Method)
	at java.base@17.0.12/jdk.internal.reflect.NativeMethodAccessorImpl.invoke(NativeMethodAccessorImpl.java:77)
	at java.base@17.0.12/jdk.internal.reflect.DelegatingMethodAccessorImpl.invoke(DelegatingMethodAccessorImpl.java:43)
	at java.base@17.0.12/java.lang.reflect.Method.invoke(Method.java:569)
	at app//org.junit.runners.model.FrameworkMethod$1.runReflectiveCall(FrameworkMethod.java:59)
	at app//org.junit.internal.runners.model.ReflectiveCallable.run(ReflectiveCallable.java:12)
	at app//org.junit.runners.model.FrameworkMethod.invokeExplosively(FrameworkMethod.java:56)
	at app//org.junit.internal.runners.statements.InvokeMethod.evaluate(InvokeMethod.java:17)
	at app//org.junit.internal.runners.statements.RunBefores.evaluate(RunBefores.java:26)
	at app//org.junit.runners.ParentRunner$3.evaluate(ParentRunner.java:306)
	at app//org.junit.runners.BlockJUnit4ClassRunner$1.evaluate(BlockJUnit4ClassRunner.java:100)
	at app//org.junit.runners.ParentRunner.runLeaf(ParentRunner.java:366)
	at app//org.junit.runners.BlockJUnit4ClassRunner.runChild(BlockJUnit4ClassRunner.java:103)
	at app//org.junit.runners.BlockJUnit4ClassRunner.runChild(BlockJUnit4ClassRunner.java:63)
	at app//org.junit.runners.ParentRunner$4.run(ParentRunner.java:331)
	at app//org.junit.runners.ParentRunner$1.schedule(ParentRunner.java:79)
	at app//org.junit.runners.ParentRunner.runChildren(ParentRunner.java:329)
	at app//org.junit.runners.ParentRunner.access$100(ParentRunner.java:66)
	at app//org.junit.runners.ParentRunner$2.evaluate(ParentRunner.java:293)
	at app//org.junit.runners.ParentRunner$3.evaluate(ParentRunner.java:306)
	at app//org.junit.runners.ParentRunner.run(ParentRunner.java:413)
	at org.gradle.api.internal.tasks.testing.junit.JUnitTestClassExecutor.runTestClass(JUnitTestClassExecutor.java:112)
	at org.gradle.api.internal.tasks.testing.junit.JUnitTestClassExecutor.execute(JUnitTestClassExecutor.java:58)
	at org.gradle.api.internal.tasks.testing.junit.JUnitTestClassExecutor.execute(JUnitTestClassExecutor.java:40)
	at org.gradle.api.internal.tasks.testing.junit.AbstractJUnitTestClassProcessor.processTestClass(AbstractJUnitTestClassProcessor.java:54)
	at org.gradle.api.internal.tasks.testing.SuiteTestClassProcessor.processTestClass(SuiteTestClassProcessor.java:53)
	at java.base@17.0.12/jdk.internal.reflect.NativeMethodAccessorImpl.invoke0(Native Method)
	at java.base@17.0.12/jdk.internal.reflect.NativeMethodAccessorImpl.invoke(NativeMethodAccessorImpl.java:77)
	at java.base@17.0.12/jdk.internal.reflect.DelegatingMethodAccessorImpl.invoke(DelegatingMethodAccessorImpl.java:43)
	at java.base@17.0.12/java.lang.reflect.Method.invoke(Method.java:569)
	at org.gradle.internal.dispatch.ReflectionDispatch.dispatch(ReflectionDispatch.java:36)
	at org.gradle.internal.dispatch.ReflectionDispatch.dispatch(ReflectionDispatch.java:24)
	at org.gradle.internal.dispatch.ContextClassLoaderDispatch.dispatch(ContextClassLoaderDispatch.java:33)
	at org.gradle.internal.dispatch.ProxyDispatchAdapter$DispatchingInvocationHandler.invoke(ProxyDispatchAdapter.java:92)
	at jdk.proxy1/jdk.proxy1.$Proxy4.processTestClass(Unknown Source)
	at org.gradle.api.internal.tasks.testing.worker.TestWorker$2.run(TestWorker.java:183)
	at org.gradle.api.internal.tasks.testing.worker.TestWorker.executeAndMaintainThreadName(TestWorker.java:132)
	at org.gradle.api.internal.tasks.testing.worker.TestWorker.execute(TestWorker.java:103)
	at org.gradle.api.internal.tasks.testing.worker.TestWorker.execute(TestWorker.java:63)
	at org.gradle.process.internal.worker.child.ActionExecutionWorker.execute(ActionExecutionWorker.java:56)
	at org.gradle.process.internal.worker.child.SystemApplicationClassLoaderWorker.call(SystemApplicationClassLoaderWorker.java:121)
	at org.gradle.process.internal.worker.child.SystemApplicationClassLoaderWorker.call(SystemApplicationClassLoaderWorker.java:71)
	at app//worker.org.gradle.process.internal.worker.GradleWorkerMain.run(GradleWorkerMain.java:69)
	at app//worker.org.gradle.process.internal.worker.GradleWorkerMain.main(GradleWorkerMain.java:74)
</failure>
  </testcase>
  <testcase name="invoke with large valid ID delegates to repository" classname="com.seekho.animepilot.core.domain.usecase.GetAnimeDetailUseCaseTest" time="0.009">
    <failure message="app.cash.turbine.TurbineAssertionError: Unconsumed events found:&#10; - Complete" type="app.cash.turbine.TurbineAssertionError">app.cash.turbine.TurbineAssertionError: Unconsumed events found:
 - Complete
	at app//app.cash.turbine.TurbineAssertionError$Companion.invoke(TurbineAssertionError.kt:32)
	at app//app.cash.turbine.ChannelTurbine.ensureAllEventsConsumed(Turbine.kt:235)
	at app//app.cash.turbine.FlowKt$test$2.invokeSuspend(flow.kt:152)
	at app//app.cash.turbine.FlowKt$test$2.invoke(flow.kt)
	at app//app.cash.turbine.FlowKt$test$2.invoke(flow.kt)
	at app//app.cash.turbine.FlowKt$turbineScope$2$1.invokeSuspend(flow.kt:91)
	at app//app.cash.turbine.FlowKt$turbineScope$2$1.invoke(flow.kt)
	at app//app.cash.turbine.FlowKt$turbineScope$2$1.invoke(flow.kt)
	at app//kotlinx.coroutines.intrinsics.UndispatchedKt.startUndspatched(Undispatched.kt:66)
	at app//kotlinx.coroutines.intrinsics.UndispatchedKt.startUndispatchedOrReturn(Undispatched.kt:43)
	at app//kotlinx.coroutines.CoroutineScopeKt.coroutineScope(CoroutineScope.kt:286)
	at app//app.cash.turbine.FlowKt$turbineScope$2$scopeFn$1.invokeSuspend(flow.kt:83)
	at app//app.cash.turbine.FlowKt$turbineScope$2$scopeFn$1.invoke(flow.kt)
	at app//app.cash.turbine.FlowKt$turbineScope$2$scopeFn$1.invoke(flow.kt)
	at app//app.cash.turbine.FlowKt$turbineScope$2.invokeSuspend(flow.kt:88)
	at app//app.cash.turbine.FlowKt$turbineScope$2.invoke(flow.kt)
	at app//app.cash.turbine.FlowKt$turbineScope$2.invoke(flow.kt)
	at app//app.cash.turbine.CoroutinesKt$reportTurbines$2.invokeSuspend(coroutines.kt:89)
	at app//app.cash.turbine.CoroutinesKt$reportTurbines$2.invoke(coroutines.kt)
	at app//app.cash.turbine.CoroutinesKt$reportTurbines$2.invoke(coroutines.kt)
	at app//kotlinx.coroutines.intrinsics.UndispatchedKt.startUndspatched(Undispatched.kt:66)
	at app//kotlinx.coroutines.intrinsics.UndispatchedKt.startUndispatchedOrReturn(Undispatched.kt:43)
	at app//kotlinx.coroutines.BuildersKt__Builders_commonKt.withContext(Builders.common.kt:165)
	at app//kotlinx.coroutines.BuildersKt.withContext(Unknown Source)
	at app//app.cash.turbine.CoroutinesKt.reportTurbines(coroutines.kt:88)
	at app//app.cash.turbine.FlowKt.turbineScope-k1IrOU0(flow.kt:80)
	at app//app.cash.turbine.FlowKt.turbineScope-k1IrOU0$default(flow.kt:75)
	at app//app.cash.turbine.FlowKt.test-C2H2yOE(flow.kt:141)
	at app//app.cash.turbine.FlowKt.test-C2H2yOE$default(flow.kt:136)
	at app//com.seekho.animepilot.core.domain.usecase.GetAnimeDetailUseCaseTest$invoke with large valid ID delegates to repository$1.invokeSuspend(GetAnimeDetailUseCaseTest.kt:137)
	at app//com.seekho.animepilot.core.domain.usecase.GetAnimeDetailUseCaseTest$invoke with large valid ID delegates to repository$1.invoke(GetAnimeDetailUseCaseTest.kt)
	at app//com.seekho.animepilot.core.domain.usecase.GetAnimeDetailUseCaseTest$invoke with large valid ID delegates to repository$1.invoke(GetAnimeDetailUseCaseTest.kt)
	at app//kotlinx.coroutines.test.TestBuildersKt__TestBuildersKt$runTest$2$1$1.invokeSuspend(TestBuilders.kt:317)
	at app//kotlin.coroutines.jvm.internal.BaseContinuationImpl.resumeWith(ContinuationImpl.kt:34)
	at app//kotlinx.coroutines.DispatchedTask.run(DispatchedTask.kt:100)
	at app//kotlinx.coroutines.test.TestDispatcher.processEvent$kotlinx_coroutines_test(TestDispatcher.kt:24)
	at app//kotlinx.coroutines.test.TestCoroutineScheduler.tryRunNextTaskUnless$kotlinx_coroutines_test(TestCoroutineScheduler.kt:99)
	at app//kotlinx.coroutines.test.TestBuildersKt__TestBuildersKt$runTest$2$1$workRunner$1.invokeSuspend(TestBuilders.kt:326)
	at app//kotlin.coroutines.jvm.internal.BaseContinuationImpl.resumeWith(ContinuationImpl.kt:34)
	at app//kotlinx.coroutines.DispatchedTask.run(DispatchedTask.kt:100)
	at app//kotlinx.coroutines.EventLoopImplBase.processNextEvent(EventLoop.common.kt:263)
	at app//kotlinx.coroutines.BlockingCoroutine.joinBlocking(Builders.kt:94)
	at app//kotlinx.coroutines.BuildersKt__BuildersKt.runBlocking(Builders.kt:70)
	at app//kotlinx.coroutines.BuildersKt.runBlocking(Unknown Source)
	at app//kotlinx.coroutines.BuildersKt__BuildersKt.runBlocking$default(Builders.kt:48)
	at app//kotlinx.coroutines.BuildersKt.runBlocking$default(Unknown Source)
	at app//kotlinx.coroutines.test.TestBuildersJvmKt.createTestResult(TestBuildersJvm.kt:10)
	at app//kotlinx.coroutines.test.TestBuildersKt__TestBuildersKt.runTest-8Mi8wO0(TestBuilders.kt:309)
	at app//kotlinx.coroutines.test.TestBuildersKt.runTest-8Mi8wO0(Unknown Source)
	at app//kotlinx.coroutines.test.TestBuildersKt__TestBuildersKt.runTest-8Mi8wO0(TestBuilders.kt:167)
	at app//kotlinx.coroutines.test.TestBuildersKt.runTest-8Mi8wO0(Unknown Source)
	at app//kotlinx.coroutines.test.TestBuildersKt__TestBuildersKt.runTest-8Mi8wO0$default(TestBuilders.kt:159)
	at app//kotlinx.coroutines.test.TestBuildersKt.runTest-8Mi8wO0$default(Unknown Source)
	at app//com.seekho.animepilot.core.domain.usecase.GetAnimeDetailUseCaseTest.invoke with large valid ID delegates to repository(GetAnimeDetailUseCaseTest.kt:128)
	at java.base@17.0.12/jdk.internal.reflect.NativeMethodAccessorImpl.invoke0(Native Method)
	at java.base@17.0.12/jdk.internal.reflect.NativeMethodAccessorImpl.invoke(NativeMethodAccessorImpl.java:77)
	at java.base@17.0.12/jdk.internal.reflect.DelegatingMethodAccessorImpl.invoke(DelegatingMethodAccessorImpl.java:43)
	at java.base@17.0.12/java.lang.reflect.Method.invoke(Method.java:569)
	at app//org.junit.runners.model.FrameworkMethod$1.runReflectiveCall(FrameworkMethod.java:59)
	at app//org.junit.internal.runners.model.ReflectiveCallable.run(ReflectiveCallable.java:12)
	at app//org.junit.runners.model.FrameworkMethod.invokeExplosively(FrameworkMethod.java:56)
	at app//org.junit.internal.runners.statements.InvokeMethod.evaluate(InvokeMethod.java:17)
	at app//org.junit.internal.runners.statements.RunBefores.evaluate(RunBefores.java:26)
	at app//org.junit.runners.ParentRunner$3.evaluate(ParentRunner.java:306)
	at app//org.junit.runners.BlockJUnit4ClassRunner$1.evaluate(BlockJUnit4ClassRunner.java:100)
	at app//org.junit.runners.ParentRunner.runLeaf(ParentRunner.java:366)
	at app//org.junit.runners.BlockJUnit4ClassRunner.runChild(BlockJUnit4ClassRunner.java:103)
	at app//org.junit.runners.BlockJUnit4ClassRunner.runChild(BlockJUnit4ClassRunner.java:63)
	at app//org.junit.runners.ParentRunner$4.run(ParentRunner.java:331)
	at app//org.junit.runners.ParentRunner$1.schedule(ParentRunner.java:79)
	at app//org.junit.runners.ParentRunner.runChildren(ParentRunner.java:329)
	at app//org.junit.runners.ParentRunner.access$100(ParentRunner.java:66)
	at app//org.junit.runners.ParentRunner$2.evaluate(ParentRunner.java:293)
	at app//org.junit.runners.ParentRunner$3.evaluate(ParentRunner.java:306)
	at app//org.junit.runners.ParentRunner.run(ParentRunner.java:413)
	at org.gradle.api.internal.tasks.testing.junit.JUnitTestClassExecutor.runTestClass(JUnitTestClassExecutor.java:112)
	at org.gradle.api.internal.tasks.testing.junit.JUnitTestClassExecutor.execute(JUnitTestClassExecutor.java:58)
	at org.gradle.api.internal.tasks.testing.junit.JUnitTestClassExecutor.execute(JUnitTestClassExecutor.java:40)
	at org.gradle.api.internal.tasks.testing.junit.AbstractJUnitTestClassProcessor.processTestClass(AbstractJUnitTestClassProcessor.java:54)
	at org.gradle.api.internal.tasks.testing.SuiteTestClassProcessor.processTestClass(SuiteTestClassProcessor.java:53)
	at java.base@17.0.12/jdk.internal.reflect.NativeMethodAccessorImpl.invoke0(Native Method)
	at java.base@17.0.12/jdk.internal.reflect.NativeMethodAccessorImpl.invoke(NativeMethodAccessorImpl.java:77)
	at java.base@17.0.12/jdk.internal.reflect.DelegatingMethodAccessorImpl.invoke(DelegatingMethodAccessorImpl.java:43)
	at java.base@17.0.12/java.lang.reflect.Method.invoke(Method.java:569)
	at org.gradle.internal.dispatch.ReflectionDispatch.dispatch(ReflectionDispatch.java:36)
	at org.gradle.internal.dispatch.ReflectionDispatch.dispatch(ReflectionDispatch.java:24)
	at org.gradle.internal.dispatch.ContextClassLoaderDispatch.dispatch(ContextClassLoaderDispatch.java:33)
	at org.gradle.internal.dispatch.ProxyDispatchAdapter$DispatchingInvocationHandler.invoke(ProxyDispatchAdapter.java:92)
	at jdk.proxy1/jdk.proxy1.$Proxy4.processTestClass(Unknown Source)
	at org.gradle.api.internal.tasks.testing.worker.TestWorker$2.run(TestWorker.java:183)
	at org.gradle.api.internal.tasks.testing.worker.TestWorker.executeAndMaintainThreadName(TestWorker.java:132)
	at org.gradle.api.internal.tasks.testing.worker.TestWorker.execute(TestWorker.java:103)
	at org.gradle.api.internal.tasks.testing.worker.TestWorker.execute(TestWorker.java:63)
	at org.gradle.process.internal.worker.child.ActionExecutionWorker.execute(ActionExecutionWorker.java:56)
	at org.gradle.process.internal.worker.child.SystemApplicationClassLoaderWorker.call(SystemApplicationClassLoaderWorker.java:121)
	at org.gradle.process.internal.worker.child.SystemApplicationClassLoaderWorker.call(SystemApplicationClassLoaderWorker.java:71)
	at app//worker.org.gradle.process.internal.worker.GradleWorkerMain.run(GradleWorkerMain.java:69)
	at app//worker.org.gradle.process.internal.worker.GradleWorkerMain.main(GradleWorkerMain.java:74)
</failure>
  </testcase>
  <testcase name="invoke with ID zero returns error immediately" classname="com.seekho.animepilot.core.domain.usecase.GetAnimeDetailUseCaseTest" time="0.015"/>
  <testcase name="invoke with valid ID does not call repository when ID is invalid" classname="com.seekho.animepilot.core.domain.usecase.GetAnimeDetailUseCaseTest" time="0.007"/>
  <testcase name="invoke with negative ID returns error immediately" classname="com.seekho.animepilot.core.domain.usecase.GetAnimeDetailUseCaseTest" time="0.003"/>
  <testcase name="invoke with valid ID returns Flow from repository" classname="com.seekho.animepilot.core.domain.usecase.GetAnimeDetailUseCaseTest" time="0.003">
    <failure message="app.cash.turbine.TurbineAssertionError: Unconsumed events found:&#10; - Complete" type="app.cash.turbine.TurbineAssertionError">app.cash.turbine.TurbineAssertionError: Unconsumed events found:
 - Complete
	at app//app.cash.turbine.TurbineAssertionError$Companion.invoke(TurbineAssertionError.kt:32)
	at app//app.cash.turbine.ChannelTurbine.ensureAllEventsConsumed(Turbine.kt:235)
	at app//app.cash.turbine.FlowKt$test$2.invokeSuspend(flow.kt:152)
	at app//app.cash.turbine.FlowKt$test$2.invoke(flow.kt)
	at app//app.cash.turbine.FlowKt$test$2.invoke(flow.kt)
	at app//app.cash.turbine.FlowKt$turbineScope$2$1.invokeSuspend(flow.kt:91)
	at app//app.cash.turbine.FlowKt$turbineScope$2$1.invoke(flow.kt)
	at app//app.cash.turbine.FlowKt$turbineScope$2$1.invoke(flow.kt)
	at app//kotlinx.coroutines.intrinsics.UndispatchedKt.startUndspatched(Undispatched.kt:66)
	at app//kotlinx.coroutines.intrinsics.UndispatchedKt.startUndispatchedOrReturn(Undispatched.kt:43)
	at app//kotlinx.coroutines.CoroutineScopeKt.coroutineScope(CoroutineScope.kt:286)
	at app//app.cash.turbine.FlowKt$turbineScope$2$scopeFn$1.invokeSuspend(flow.kt:83)
	at app//app.cash.turbine.FlowKt$turbineScope$2$scopeFn$1.invoke(flow.kt)
	at app//app.cash.turbine.FlowKt$turbineScope$2$scopeFn$1.invoke(flow.kt)
	at app//app.cash.turbine.FlowKt$turbineScope$2.invokeSuspend(flow.kt:88)
	at app//app.cash.turbine.FlowKt$turbineScope$2.invoke(flow.kt)
	at app//app.cash.turbine.FlowKt$turbineScope$2.invoke(flow.kt)
	at app//app.cash.turbine.CoroutinesKt$reportTurbines$2.invokeSuspend(coroutines.kt:89)
	at app//app.cash.turbine.CoroutinesKt$reportTurbines$2.invoke(coroutines.kt)
	at app//app.cash.turbine.CoroutinesKt$reportTurbines$2.invoke(coroutines.kt)
	at app//kotlinx.coroutines.intrinsics.UndispatchedKt.startUndspatched(Undispatched.kt:66)
	at app//kotlinx.coroutines.intrinsics.UndispatchedKt.startUndispatchedOrReturn(Undispatched.kt:43)
	at app//kotlinx.coroutines.BuildersKt__Builders_commonKt.withContext(Builders.common.kt:165)
	at app//kotlinx.coroutines.BuildersKt.withContext(Unknown Source)
	at app//app.cash.turbine.CoroutinesKt.reportTurbines(coroutines.kt:88)
	at app//app.cash.turbine.FlowKt.turbineScope-k1IrOU0(flow.kt:80)
	at app//app.cash.turbine.FlowKt.turbineScope-k1IrOU0$default(flow.kt:75)
	at app//app.cash.turbine.FlowKt.test-C2H2yOE(flow.kt:141)
	at app//app.cash.turbine.FlowKt.test-C2H2yOE$default(flow.kt:136)
	at app//com.seekho.animepilot.core.domain.usecase.GetAnimeDetailUseCaseTest$invoke with valid ID returns Flow from repository$1.invokeSuspend(GetAnimeDetailUseCaseTest.kt:120)
	at app//com.seekho.animepilot.core.domain.usecase.GetAnimeDetailUseCaseTest$invoke with valid ID returns Flow from repository$1.invoke(GetAnimeDetailUseCaseTest.kt)
	at app//com.seekho.animepilot.core.domain.usecase.GetAnimeDetailUseCaseTest$invoke with valid ID returns Flow from repository$1.invoke(GetAnimeDetailUseCaseTest.kt)
	at app//kotlinx.coroutines.test.TestBuildersKt__TestBuildersKt$runTest$2$1$1.invokeSuspend(TestBuilders.kt:317)
	at app//kotlin.coroutines.jvm.internal.BaseContinuationImpl.resumeWith(ContinuationImpl.kt:34)
	at app//kotlinx.coroutines.DispatchedTask.run(DispatchedTask.kt:100)
	at app//kotlinx.coroutines.test.TestDispatcher.processEvent$kotlinx_coroutines_test(TestDispatcher.kt:24)
	at app//kotlinx.coroutines.test.TestCoroutineScheduler.tryRunNextTaskUnless$kotlinx_coroutines_test(TestCoroutineScheduler.kt:99)
	at app//kotlinx.coroutines.test.TestBuildersKt__TestBuildersKt$runTest$2$1$workRunner$1.invokeSuspend(TestBuilders.kt:326)
	at app//kotlin.coroutines.jvm.internal.BaseContinuationImpl.resumeWith(ContinuationImpl.kt:34)
	at app//kotlinx.coroutines.DispatchedTask.run(DispatchedTask.kt:100)
	at app//kotlinx.coroutines.EventLoopImplBase.processNextEvent(EventLoop.common.kt:263)
	at app//kotlinx.coroutines.BlockingCoroutine.joinBlocking(Builders.kt:94)
	at app//kotlinx.coroutines.BuildersKt__BuildersKt.runBlocking(Builders.kt:70)
	at app//kotlinx.coroutines.BuildersKt.runBlocking(Unknown Source)
	at app//kotlinx.coroutines.BuildersKt__BuildersKt.runBlocking$default(Builders.kt:48)
	at app//kotlinx.coroutines.BuildersKt.runBlocking$default(Unknown Source)
	at app//kotlinx.coroutines.test.TestBuildersJvmKt.createTestResult(TestBuildersJvm.kt:10)
	at app//kotlinx.coroutines.test.TestBuildersKt__TestBuildersKt.runTest-8Mi8wO0(TestBuilders.kt:309)
	at app//kotlinx.coroutines.test.TestBuildersKt.runTest-8Mi8wO0(Unknown Source)
	at app//kotlinx.coroutines.test.TestBuildersKt__TestBuildersKt.runTest-8Mi8wO0(TestBuilders.kt:167)
	at app//kotlinx.coroutines.test.TestBuildersKt.runTest-8Mi8wO0(Unknown Source)
	at app//kotlinx.coroutines.test.TestBuildersKt__TestBuildersKt.runTest-8Mi8wO0$default(TestBuilders.kt:159)
	at app//kotlinx.coroutines.test.TestBuildersKt.runTest-8Mi8wO0$default(Unknown Source)
	at app//com.seekho.animepilot.core.domain.usecase.GetAnimeDetailUseCaseTest.invoke with valid ID returns Flow from repository(GetAnimeDetailUseCaseTest.kt:111)
	at java.base@17.0.12/jdk.internal.reflect.NativeMethodAccessorImpl.invoke0(Native Method)
	at java.base@17.0.12/jdk.internal.reflect.NativeMethodAccessorImpl.invoke(NativeMethodAccessorImpl.java:77)
	at java.base@17.0.12/jdk.internal.reflect.DelegatingMethodAccessorImpl.invoke(DelegatingMethodAccessorImpl.java:43)
	at java.base@17.0.12/java.lang.reflect.Method.invoke(Method.java:569)
	at app//org.junit.runners.model.FrameworkMethod$1.runReflectiveCall(FrameworkMethod.java:59)
	at app//org.junit.internal.runners.model.ReflectiveCallable.run(ReflectiveCallable.java:12)
	at app//org.junit.runners.model.FrameworkMethod.invokeExplosively(FrameworkMethod.java:56)
	at app//org.junit.internal.runners.statements.InvokeMethod.evaluate(InvokeMethod.java:17)
	at app//org.junit.internal.runners.statements.RunBefores.evaluate(RunBefores.java:26)
	at app//org.junit.runners.ParentRunner$3.evaluate(ParentRunner.java:306)
	at app//org.junit.runners.BlockJUnit4ClassRunner$1.evaluate(BlockJUnit4ClassRunner.java:100)
	at app//org.junit.runners.ParentRunner.runLeaf(ParentRunner.java:366)
	at app//org.junit.runners.BlockJUnit4ClassRunner.runChild(BlockJUnit4ClassRunner.java:103)
	at app//org.junit.runners.BlockJUnit4ClassRunner.runChild(BlockJUnit4ClassRunner.java:63)
	at app//org.junit.runners.ParentRunner$4.run(ParentRunner.java:331)
	at app//org.junit.runners.ParentRunner$1.schedule(ParentRunner.java:79)
	at app//org.junit.runners.ParentRunner.runChildren(ParentRunner.java:329)
	at app//org.junit.runners.ParentRunner.access$100(ParentRunner.java:66)
	at app//org.junit.runners.ParentRunner$2.evaluate(ParentRunner.java:293)
	at app//org.junit.runners.ParentRunner$3.evaluate(ParentRunner.java:306)
	at app//org.junit.runners.ParentRunner.run(ParentRunner.java:413)
	at org.gradle.api.internal.tasks.testing.junit.JUnitTestClassExecutor.runTestClass(JUnitTestClassExecutor.java:112)
	at org.gradle.api.internal.tasks.testing.junit.JUnitTestClassExecutor.execute(JUnitTestClassExecutor.java:58)
	at org.gradle.api.internal.tasks.testing.junit.JUnitTestClassExecutor.execute(JUnitTestClassExecutor.java:40)
	at org.gradle.api.internal.tasks.testing.junit.AbstractJUnitTestClassProcessor.processTestClass(AbstractJUnitTestClassProcessor.java:54)
	at org.gradle.api.internal.tasks.testing.SuiteTestClassProcessor.processTestClass(SuiteTestClassProcessor.java:53)
	at java.base@17.0.12/jdk.internal.reflect.NativeMethodAccessorImpl.invoke0(Native Method)
	at java.base@17.0.12/jdk.internal.reflect.NativeMethodAccessorImpl.invoke(NativeMethodAccessorImpl.java:77)
	at java.base@17.0.12/jdk.internal.reflect.DelegatingMethodAccessorImpl.invoke(DelegatingMethodAccessorImpl.java:43)
	at java.base@17.0.12/java.lang.reflect.Method.invoke(Method.java:569)
	at org.gradle.internal.dispatch.ReflectionDispatch.dispatch(ReflectionDispatch.java:36)
	at org.gradle.internal.dispatch.ReflectionDispatch.dispatch(ReflectionDispatch.java:24)
	at org.gradle.internal.dispatch.ContextClassLoaderDispatch.dispatch(ContextClassLoaderDispatch.java:33)
	at org.gradle.internal.dispatch.ProxyDispatchAdapter$DispatchingInvocationHandler.invoke(ProxyDispatchAdapter.java:92)
	at jdk.proxy1/jdk.proxy1.$Proxy4.processTestClass(Unknown Source)
	at org.gradle.api.internal.tasks.testing.worker.TestWorker$2.run(TestWorker.java:183)
	at org.gradle.api.internal.tasks.testing.worker.TestWorker.executeAndMaintainThreadName(TestWorker.java:132)
	at org.gradle.api.internal.tasks.testing.worker.TestWorker.execute(TestWorker.java:103)
	at org.gradle.api.internal.tasks.testing.worker.TestWorker.execute(TestWorker.java:63)
	at org.gradle.process.internal.worker.child.ActionExecutionWorker.execute(ActionExecutionWorker.java:56)
	at org.gradle.process.internal.worker.child.SystemApplicationClassLoaderWorker.call(SystemApplicationClassLoaderWorker.java:121)
	at org.gradle.process.internal.worker.child.SystemApplicationClassLoaderWorker.call(SystemApplicationClassLoaderWorker.java:71)
	at app//worker.org.gradle.process.internal.worker.GradleWorkerMain.run(GradleWorkerMain.java:69)
	at app//worker.org.gradle.process.internal.worker.GradleWorkerMain.main(GradleWorkerMain.java:74)
</failure>
  </testcase>
  <system-out><![CDATA[]]></system-out>
  <system-err><![CDATA[]]></system-err>
</testsuite>
