<?xml version="1.0" encoding="UTF-8"?>
<testsuite name="com.seekho.animepilot.core.data.local.LocalDataSourceImplTest" tests="6" skipped="0" failures="1" errors="0" timestamp="2026-01-22T04:26:21.804Z" hostname="WSA-HN967W0XXF.local" time="3.037">
  <properties/>
  <testcase name="clearAnimeList removes all anime" classname="com.seekho.animepilot.core.data.local.LocalDataSourceImplTest" time="2.948"/>
  <testcase name="observeAnimeDetail emits null when not found" classname="com.seekho.animepilot.core.data.local.LocalDataSourceImplTest" time="0.021"/>
  <testcase name="saveAnimeDetail and getAnimeDetail work correctly" classname="com.seekho.animepilot.core.data.local.LocalDataSourceImplTest" time="0.025"/>
  <testcase name="getAnimeDetail returns null when not found" classname="com.seekho.animepilot.core.data.local.LocalDataSourceImplTest" time="0.013"/>
  <testcase name="observeAnimeDetail emits updated data" classname="com.seekho.animepilot.core.data.local.LocalDataSourceImplTest" time="0.017"/>
  <testcase name="saveAnimeList and observeAnimeList work correctly" classname="com.seekho.animepilot.core.data.local.LocalDataSourceImplTest" time="0.013">
    <failure message="org.junit.ComparisonFailure: expected:&lt;Anime [2]&gt; but was:&lt;Anime [1]&gt;" type="org.junit.ComparisonFailure">org.junit.ComparisonFailure: expected:&lt;Anime [2]&gt; but was:&lt;Anime [1]&gt;
	at org.junit.Assert.assertEquals(Assert.java:117)
	at org.junit.Assert.assertEquals(Assert.java:146)
	at com.seekho.animepilot.core.data.local.LocalDataSourceImplTest$saveAnimeList and observeAnimeList work correctly$1.invokeSuspend(LocalDataSourceImplTest.kt:62)
	at kotlin.coroutines.jvm.internal.BaseContinuationImpl.resumeWith(ContinuationImpl.kt:34)
	at kotlinx.coroutines.DispatchedTask.run(DispatchedTask.kt:98)
	at kotlinx.coroutines.test.TestDispatcher.processEvent$kotlinx_coroutines_test(TestDispatcher.kt:24)
	at kotlinx.coroutines.test.TestCoroutineScheduler.tryRunNextTaskUnless$kotlinx_coroutines_test(TestCoroutineScheduler.kt:99)
	at kotlinx.coroutines.test.TestBuildersKt__TestBuildersKt$runTest$2$1$workRunner$1.invokeSuspend(TestBuilders.kt:326)
	at kotlin.coroutines.jvm.internal.BaseContinuationImpl.resumeWith(ContinuationImpl.kt:34)
	at kotlinx.coroutines.DispatchedTask.run(DispatchedTask.kt:100)
	at kotlinx.coroutines.EventLoopImplBase.processNextEvent(EventLoop.common.kt:263)
	at kotlinx.coroutines.BlockingCoroutine.joinBlocking(Builders.kt:94)
	at kotlinx.coroutines.BuildersKt__BuildersKt.runBlocking(Builders.kt:70)
	at kotlinx.coroutines.BuildersKt.runBlocking(Unknown Source)
	at kotlinx.coroutines.BuildersKt__BuildersKt.runBlocking$default(Builders.kt:48)
	at kotlinx.coroutines.BuildersKt.runBlocking$default(Unknown Source)
	at kotlinx.coroutines.test.TestBuildersJvmKt.createTestResult(TestBuildersJvm.kt:10)
	at kotlinx.coroutines.test.TestBuildersKt__TestBuildersKt.runTest-8Mi8wO0(TestBuilders.kt:309)
	at kotlinx.coroutines.test.TestBuildersKt.runTest-8Mi8wO0(Unknown Source)
	at kotlinx.coroutines.test.TestBuildersKt__TestBuildersKt.runTest-8Mi8wO0(TestBuilders.kt:167)
	at kotlinx.coroutines.test.TestBuildersKt.runTest-8Mi8wO0(Unknown Source)
	at kotlinx.coroutines.test.TestBuildersKt__TestBuildersKt.runTest-8Mi8wO0$default(TestBuilders.kt:159)
	at kotlinx.coroutines.test.TestBuildersKt.runTest-8Mi8wO0$default(Unknown Source)
	at com.seekho.animepilot.core.data.local.LocalDataSourceImplTest.saveAnimeList and observeAnimeList work correctly(LocalDataSourceImplTest.kt:47)
	at java.base/jdk.internal.reflect.DirectMethodHandleAccessor.invoke(Unknown Source)
	at java.base/java.lang.reflect.Method.invoke(Unknown Source)
	at org.junit.runners.model.FrameworkMethod$1.runReflectiveCall(FrameworkMethod.java:59)
	at org.junit.internal.runners.model.ReflectiveCallable.run(ReflectiveCallable.java:12)
	at org.junit.runners.model.FrameworkMethod.invokeExplosively(FrameworkMethod.java:56)
	at org.junit.internal.runners.statements.InvokeMethod.evaluate(InvokeMethod.java:17)
	at org.junit.internal.runners.statements.RunBefores.evaluate(RunBefores.java:26)
	at org.junit.internal.runners.statements.RunAfters.evaluate(RunAfters.java:27)
	at org.junit.runners.ParentRunner$3.evaluate(ParentRunner.java:306)
	at org.robolectric.RobolectricTestRunner$HelperTestRunner$1.evaluate(RobolectricTestRunner.java:489)
	at org.robolectric.internal.SandboxTestRunner$2.lambda$evaluate$2(SandboxTestRunner.java:291)
	at org.robolectric.internal.bytecode.Sandbox.lambda$runOnMainThread$0(Sandbox.java:104)
	at java.base/java.util.concurrent.FutureTask.run(Unknown Source)
	at java.base/java.util.concurrent.ThreadPoolExecutor.runWorker(Unknown Source)
	at java.base/java.util.concurrent.ThreadPoolExecutor$Worker.run(Unknown Source)
	at java.base/java.lang.Thread.run(Unknown Source)
</failure>
  </testcase>
  <system-out><![CDATA[WARNING: No manifest file found at ./AndroidManifest.xml.
Falling back to the Android OS resources only.
To remove this warning, annotate your test class with @Config(manifest=Config.NONE).
If you're using Android Gradle Plugin, add testOptions.unitTests.includeAndroidResources = true to your build.gradle
]]></system-out>
  <system-err><![CDATA[]]></system-err>
</testsuite>
